Build started 6/21/2015 7:04:19 PM.
     1>Project "C:\Users\tranngoctrung\Documents\Workspace\impHumanDetectionAndTracking\multitracking\multitracking.vcxproj" on node 2 (build target(s)).
     1>InitializeBuildStatus:
         Touching "Debug\multitracking.unsuccessfulbuild".
       ClCompile:
         All outputs are up-to-date.
         All outputs are up-to-date.
       Link:
         C:\Program Files (x86)\Microsoft Visual Studio 10.0\VC\bin\link.exe /ERRORREPORT:PROMPT /OUT:"C:\Users\tranngoctrung\Documents\Workspace\impHumanDetectionAndTracking\Debug\multitracking.exe" /INCREMENTAL:NO /NOLOGO /LIBPATH:C:\opencv\build\bin\Debug /LIBPATH:C:\opencv\build\lib\Debug opencv_calib3d2410d.lib opencv_core2410d.lib opencv_features2d2410d.lib opencv_flann2410d.lib opencv_highgui2410d.lib opencv_imgproc2410d.lib opencv_objdetect2410d.lib kernel32.lib user32.lib gdi32.lib winspool.lib comdlg32.lib advapi32.lib shell32.lib ole32.lib oleaut32.lib uuid.lib odbc32.lib odbccp32.lib /MANIFEST /ManifestFile:"Debug\multitracking.exe.intermediate.manifest" /MANIFESTUAC:"level='asInvoker' uiAccess='false'" /DEBUG /PDB:"C:\Users\tranngoctrung\Documents\Workspace\impHumanDetectionAndTracking\Debug\multitracking.pdb" /SUBSYSTEM:CONSOLE /TLBID:1 /DYNAMICBASE /NXCOMPAT /IMPLIB:"C:\Users\tranngoctrung\Documents\Workspace\impHumanDetectionAndTracking\Debug\multitracking.lib" /MACHINE:X86 Debug\BaseClassifier.obj
         Debug\ClassifierThreshold.obj
         Debug\EstimatedGaussDistribution.obj
         Debug\FeatureHaar.obj
         Debug\FeatureHistogram.obj
         Debug\ImageRepresentation.obj
         Debug\Patches.obj
         Debug\Regions.obj
         Debug\stdafx.obj
         Debug\StrongClassifier.obj
         Debug\StrongClassifierDirectSelection.obj
         Debug\StrongClassifierStandard.obj
         Debug\WeakClassifier.obj
         Debug\WeakClassifierHaarFeature.obj
         Debug\WeakClassifierHistogramFeature.obj
     1>BaseClassifier.obj : warning LNK4075: ignoring '/EDITANDCONTINUE' due to '/INCREMENTAL:NO' specification
     1>FeatureHaar.obj : error LNK2019: unresolved external symbol _cvThreshHist referenced in function "public: bool __thiscall FeatureHaar::eval(struct CvHistogram *,class ImageRepresentation *,class Rect,float *)" (?eval@FeatureHaar@@QAE_NPAUCvHistogram@@PAVImageRepresentation@@VRect@@PAM@Z)
     1>FeatureHistogram.obj : error LNK2001: unresolved external symbol _cvThreshHist
     1>FeatureHaar.obj : error LNK2019: unresolved external symbol _cvCompareHist referenced in function "public: bool __thiscall FeatureHaar::eval(struct CvHistogram *,class ImageRepresentation *,class Rect,float *)" (?eval@FeatureHaar@@QAE_NPAUCvHistogram@@PAVImageRepresentation@@VRect@@PAM@Z)
     1>FeatureHistogram.obj : error LNK2001: unresolved external symbol _cvCompareHist
     1>FeatureHaar.obj : error LNK2019: unresolved external symbol _cvCopyHist referenced in function "struct CvHistogram * __cdecl copyhistogram2(struct CvHistogram *)" (?copyhistogram2@@YAPAUCvHistogram@@PAU1@@Z)
     1>FeatureHistogram.obj : error LNK2001: unresolved external symbol _cvCopyHist
     1>ImageRepresentation.obj : error LNK2019: unresolved external symbol _cvReleaseImage referenced in function "struct _IplImage * __cdecl bgr2hsv(struct _IplImage *)" (?bgr2hsv@@YAPAU_IplImage@@PAU1@@Z)
     1>ImageRepresentation.obj : error LNK2019: unresolved external symbol _cvCvtColor referenced in function "struct _IplImage * __cdecl bgr2hsv(struct _IplImage *)" (?bgr2hsv@@YAPAU_IplImage@@PAU1@@Z)
     1>ImageRepresentation.obj : error LNK2019: unresolved external symbol _cvConvertScale referenced in function "struct _IplImage * __cdecl bgr2hsv(struct _IplImage *)" (?bgr2hsv@@YAPAU_IplImage@@PAU1@@Z)
     1>ImageRepresentation.obj : error LNK2019: unresolved external symbol _cvCreateImage referenced in function "struct _IplImage * __cdecl bgr2hsv(struct _IplImage *)" (?bgr2hsv@@YAPAU_IplImage@@PAU1@@Z)
     1>ImageRepresentation.obj : error LNK2019: unresolved external symbol _cvGetSize referenced in function "struct _IplImage * __cdecl bgr2hsv(struct _IplImage *)" (?bgr2hsv@@YAPAU_IplImage@@PAU1@@Z)
     1>MSVCRTD.lib(crtexe.obj) : error LNK2019: unresolved external symbol _main referenced in function ___tmainCRTStartup
     1>C:\Users\tranngoctrung\Documents\Workspace\impHumanDetectionAndTracking\Debug\multitracking.exe : fatal error LNK1120: 9 unresolved externals
     1>Done Building Project "C:\Users\tranngoctrung\Documents\Workspace\impHumanDetectionAndTracking\multitracking\multitracking.vcxproj" (build target(s)) -- FAILED.

Build FAILED.

Time Elapsed 00:00:01.45
